This is pdfTeX, Version 3.14159265-2.6-1.40.18 (TeX Live 2017/Debian) (preloaded format=latex 2019.10.30)  30 NOV 2019 19:44
entering extended mode
 restricted \write18 enabled.
 %&-line parsing enabled.
**AeroMScReport.tex
(./AeroMScReport.tex
LaTeX2e <2017-04-15>
Babel <3.18> and hyphenation patterns for 84 language(s) loaded.
(./sty/thesis.cls
Document Class: sty/thesis 2004/09/28 v1.0f Aerospace Structures MSc Thesis cla
ss
(/usr/share/texlive/texmf-dist/tex/latex/base/fleqn.clo
File: fleqn.clo 2016/12/29 v1.2a Standard LaTeX option (flush left equations)
\mathindent=\dimen102
Applying: [2015/01/01] Make \[ robust on input line 50.
LaTeX Info: Redefining \[ on input line 51.
Already applied: [0000/00/00] Make \[ robust on input line 62.
Applying: [2015/01/01] Make \] robust on input line 74.
LaTeX Info: Redefining \] on input line 75.
Already applied: [0000/00/00] Make \] robust on input line 83.
)
(/usr/share/texlive/texmf-dist/tex/latex/base/bk11.clo
File: bk11.clo 2014/09/29 v1.4h Standard LaTeX file (size option)
)
\c@part=\count79
\c@chapter=\count80
\c@section=\count81
\c@subsection=\count82
\c@subsubsection=\count83
\c@paragraph=\count84
\c@subparagraph=\count85
 (./sty/ntheorem.sty
Style `ntheorem', Version 1.24 <2004/09/20>
Package: sty/ntheorem 2004/09/20 1.24
\theorem@style=\toks14
\theorem@@style=\toks15
\theorembodyfont=\toks16
\theoremnumbering=\toks17
\theorempreskipamount=\skip41
\theorempostskipamount=\skip42
\theoremindent=\dimen103
\theorem@indent=\dimen104
\theoremheaderfont=\toks18
\theoremseparator=\toks19
\theoremprework=\toks20
\theorempostwork=\toks21
\theoremsymbol=\toks22
\qedsymbol=\toks23
\theoremkeyword=\toks24
\qedsymbol=\toks25
\thm@topsepadd=\skip43
)
\c@Anecdote=\count86
\c@anecdote=\count87
\c@figure=\count88
\c@table=\count89
\abovecaptionskip=\skip44
\belowcaptionskip=\skip45
\bibindent=\dimen105
 (/usr/share/texlive/texmf-dist/tex/latex/tools/varioref.sty
Package: varioref 2016/02/16 v1.5c package for extended references (FMi)
\c@vrcnt=\count90
)
(/usr/share/texlive/texmf-dist/tex/latex/hyperref/hyperref.sty
Package: hyperref 2018/02/06 v6.86b Hypertext links for LaTeX

(/usr/share/texlive/texmf-dist/tex/generic/oberdiek/hobsub-hyperref.sty
Package: hobsub-hyperref 2016/05/16 v1.14 Bundle oberdiek, subset hyperref (HO)


(/usr/share/texlive/texmf-dist/tex/generic/oberdiek/hobsub-generic.sty
Package: hobsub-generic 2016/05/16 v1.14 Bundle oberdiek, subset generic (HO)
Package: hobsub 2016/05/16 v1.14 Construct package bundles (HO)
Package: infwarerr 2016/05/16 v1.4 Providing info/warning/error messages (HO)
Package: ltxcmds 2016/05/16 v1.23 LaTeX kernel commands for general use (HO)
Package: ifluatex 2016/05/16 v1.4 Provides the ifluatex switch (HO)
Package ifluatex Info: LuaTeX not detected.
Package: ifvtex 2016/05/16 v1.6 Detect VTeX and its facilities (HO)
Package ifvtex Info: VTeX not detected.
Package: intcalc 2016/05/16 v1.2 Expandable calculations with integers (HO)
Package: ifpdf 2017/03/15 v3.2 Provides the ifpdf switch
Package: etexcmds 2016/05/16 v1.6 Avoid name clashes with e-TeX commands (HO)
Package etexcmds Info: Could not find \expanded.
(etexcmds)             That can mean that you are not using pdfTeX 1.50 or
(etexcmds)             that some package has redefined \expanded.
(etexcmds)             In the latter case, load this package earlier.
Package: kvsetkeys 2016/05/16 v1.17 Key value parser (HO)
Package: kvdefinekeys 2016/05/16 v1.4 Define keys (HO)
Package: pdftexcmds 2018/01/21 v0.26 Utility functions of pdfTeX for LuaTeX (HO
)
Package pdftexcmds Info: LuaTeX not detected.
Package pdftexcmds Info: \pdf@primitive is available.
Package pdftexcmds Info: \pdf@ifprimitive is available.
Package pdftexcmds Info: \pdfdraftmode is ignored in DVI mode.
Package: pdfescape 2016/05/16 v1.14 Implements pdfTeX's escape features (HO)
Package: bigintcalc 2016/05/16 v1.4 Expandable calculations on big integers (HO
)
Package: bitset 2016/05/16 v1.2 Handle bit-vector datatype (HO)
Package: uniquecounter 2016/05/16 v1.3 Provide unlimited unique counter (HO)
)
Package hobsub Info: Skipping package `hobsub' (already loaded).
Package: letltxmacro 2016/05/16 v1.5 Let assignment for LaTeX macros (HO)
Package: hopatch 2016/05/16 v1.3 Wrapper for package hooks (HO)
Package: xcolor-patch 2016/05/16 xcolor patch
Package: atveryend 2016/05/16 v1.9 Hooks at the very end of document (HO)
Package atveryend Info: \enddocument detected (standard20110627).
Package: atbegshi 2016/06/09 v1.18 At begin shipout hook (HO)
Package: refcount 2016/05/16 v3.5 Data extraction from label references (HO)
Package: hycolor 2016/05/16 v1.8 Color options for hyperref/bookmark (HO)
)
(/usr/share/texlive/texmf-dist/tex/latex/graphics/keyval.sty
Package: keyval 2014/10/28 v1.15 key=value parser (DPC)
\KV@toks@=\toks26
)
(/usr/share/texlive/texmf-dist/tex/generic/ifxetex/ifxetex.sty
Package: ifxetex 2010/09/12 v0.6 Provides ifxetex conditional
)
(/usr/share/texlive/texmf-dist/tex/latex/oberdiek/auxhook.sty
Package: auxhook 2016/05/16 v1.4 Hooks for auxiliary files (HO)
)
(/usr/share/texlive/texmf-dist/tex/latex/oberdiek/kvoptions.sty
Package: kvoptions 2016/05/16 v3.12 Key value format for package options (HO)
)
\@linkdim=\dimen106
\Hy@linkcounter=\count91
\Hy@pagecounter=\count92

(/usr/share/texlive/texmf-dist/tex/latex/hyperref/pd1enc.def
File: pd1enc.def 2018/02/06 v6.86b Hyperref: PDFDocEncoding definition (HO)
)
\Hy@SavedSpaceFactor=\count93

(/usr/share/texlive/texmf-dist/tex/latex/latexconfig/hyperref.cfg
File: hyperref.cfg 2002/06/06 v1.2 hyperref configuration of TeXLive
)
Package hyperref Info: Hyper figures OFF on input line 4509.
Package hyperref Info: Link nesting OFF on input line 4514.
Package hyperref Info: Hyper index ON on input line 4517.
Package hyperref Info: Plain pages OFF on input line 4524.
Package hyperref Info: Backreferencing OFF on input line 4529.
Package hyperref Info: Implicit mode ON; LaTeX internals redefined.
Package hyperref Info: Bookmarks ON on input line 4762.
\c@Hy@tempcnt=\count94

(/usr/share/texlive/texmf-dist/tex/latex/url/url.sty
\Urlmuskip=\muskip10
Package: url 2013/09/16  ver 3.4  Verb mode for urls, etc.
)
LaTeX Info: Redefining \url on input line 5115.
\XeTeXLinkMargin=\dimen107
\Fld@menulength=\count95
\Field@Width=\dimen108
\Fld@charsize=\dimen109
Package hyperref Info: Hyper figures OFF on input line 6369.
Package hyperref Info: Link nesting OFF on input line 6374.
Package hyperref Info: Hyper index ON on input line 6377.
Package hyperref Info: backreferencing OFF on input line 6384.
Package hyperref Info: Link coloring OFF on input line 6389.
Package hyperref Info: Link coloring with OCG OFF on input line 6394.
Package hyperref Info: PDF/A mode OFF on input line 6399.
LaTeX Info: Redefining \ref on input line 6439.
LaTeX Info: Redefining \pageref on input line 6443.
\Hy@abspage=\count96
\c@Item=\count97
\c@Hfootnote=\count98
)
Package hyperref Info: Driver (default): hdvips.

(/usr/share/texlive/texmf-dist/tex/latex/hyperref/hdvips.def
File: hdvips.def 2018/02/06 v6.86b Hyperref driver for dvips

(/usr/share/texlive/texmf-dist/tex/latex/hyperref/pdfmark.def
File: pdfmark.def 2018/02/06 v6.86b Hyperref definitions for pdfmark specials
\pdf@docset=\toks27
\pdf@box=\box26
\pdf@toks=\toks28
\pdf@defaulttoks=\toks29
\HyField@AnnotCount=\count99
\Fld@listcount=\count100
\c@bookmark@seq@number=\count101

(/usr/share/texlive/texmf-dist/tex/latex/oberdiek/rerunfilecheck.sty
Package: rerunfilecheck 2016/05/16 v1.8 Rerun checks for auxiliary files (HO)
Package uniquecounter Info: New unique counter `rerunfilecheck' on input line 2
82.
)
\Hy@SectionHShift=\skip46
))
(./sty/colortbl.sty
Package: sty/colortbl 1996/10/12 v0.1g Color table columns (DPC)
 (/usr/share/texlive/texmf-dist/tex/latex/tools/array.sty
Package: array 2016/10/06 v2.4d Tabular extension package (FMi)
\col@sep=\dimen110
\extrarowheight=\dimen111
\NC@list=\toks30
\extratabsurround=\skip47
\backup@length=\skip48
)
(/usr/share/texlive/texmf-dist/tex/latex/graphics/color.sty
Package: color 2016/07/10 v1.1e Standard LaTeX Color (DPC)

(/usr/share/texlive/texmf-dist/tex/latex/graphics-cfg/color.cfg
File: color.cfg 2016/01/02 v1.6 sample color configuration
)
Package color Info: Driver file: dvips.def on input line 147.

(/usr/share/texlive/texmf-dist/tex/latex/graphics-def/dvips.def
File: dvips.def 2017/06/20 v3.1d Graphics/color driver for dvips
)
(/usr/share/texlive/texmf-dist/tex/latex/graphics/dvipsnam.def
File: dvipsnam.def 2016/06/17 v3.0m Driver-dependent file (DPC,SPQR)
))
\everycr=\toks31
\minrowclearance=\skip49
)
Package hyperref Info: Option `bookmarksopen' set `false' on input line 846.
Package hyperref Info: Option `bookmarksnumbered' set `true' on input line 846.

Package hyperref Info: Option `colorlinks' set `true' on input line 846.


Package hyperref Warning: Option `pagecolor' is not available anymore.

(./sty/a4wide.sty
Package: sty/a4wide 1994/08/30
 (./sty/a4.sty
Package: sty/a4 1999/03/03 v1.2f A4 based page layout
)) (./sty/fancyhdr.sty
\fancy@headwidth=\skip50
\f@ncyO@elh=\skip51
\f@ncyO@erh=\skip52
\f@ncyO@olh=\skip53
\f@ncyO@orh=\skip54
\f@ncyO@elf=\skip55
\f@ncyO@erf=\skip56
\f@ncyO@olf=\skip57
\f@ncyO@orf=\skip58
) (./sty/changebar.sty
Package: sty/changebar 2000/09/26 v3.3j Indicate changes with marginal bars
\cb@nextpoint=\count102
\cb@topleft=\count103
\cb@topright=\count104
\cb@botleft=\count105
\cb@botright=\count106
\cb@curbarwd=\dimen112
\cb@page=\count107
\cb@pagecount=\count108
\cb@odd@left=\dimen113
\cb@odd@right=\dimen114
\cb@even@left=\dimen115
\cb@even@right=\dimen116
\changebarwidth=\skip59
\deletebarwidth=\skip60
\changebarsep=\skip61
\c@changebargrey=\count109
\cb@write=\write3
\cb@read=\read1
\openout3 = `AeroMScReport.cb'.

)
(/usr/share/texlive/texmf-dist/tex/latex/tools/theorem.sty) (./sty/caption2.sty
Package: sty/caption2 1995/10/09 v2.0 caption package (AS)
Package: caption v2.0(BETA) <1995/10/09> (Harald Sommerfeldt)
\realcaptionwidth=\skip62
\captionbox=\box27
\captionlabelsep=\dimen117
\captionmargin=\dimen118
\captionwidth=\dimen119
\captionindent=\dimen120
) (/usr/share/texlive/texmf-dist/tex/latex/graphics/graphicx.sty
Package: graphicx 2017/06/01 v1.1a Enhanced LaTeX Graphics (DPC,SPQR)

(/usr/share/texlive/texmf-dist/tex/latex/graphics/graphics.sty
Package: graphics 2017/06/25 v1.2c Standard LaTeX Graphics (DPC,SPQR)

(/usr/share/texlive/texmf-dist/tex/latex/graphics/trig.sty
Package: trig 2016/01/03 v1.10 sin cos tan (DPC)
)
(/usr/share/texlive/texmf-dist/tex/latex/graphics-cfg/graphics.cfg
File: graphics.cfg 2016/06/04 v1.11 sample graphics configuration
)
Package graphics Info: Driver file: dvips.def on input line 99.
)
\Gin@req@height=\dimen121
\Gin@req@width=\dimen122
)
(./sty/psfrag.sty
Package: sty/psfrag 1998/04/11 v3.04 PSfrag (MCG)
\pfg@pcount=\count110
\pfg@scount=\count111
\pfg@temp=\write4
) (./sty/nomencl.sty
Package: sty/nomencl 2005/09/22 v4.2 Nomenclature package (LN)
\nomlabelwidth=\dimen123
\nom@tempdim=\dimen124
\nomitemsep=\skip63
)
(/usr/share/texlive/texmf-dist/tex/latex/base/makeidx.sty
Package: makeidx 2014/09/29 v1.0m Standard LaTeX package
)
(/usr/share/texlive/texmf-dist/tex/latex/base/ifthen.sty
Package: ifthen 2014/09/29 v1.1c Standard LaTeX ifthen package (DPC)
)
(/usr/share/texlive/texmf-dist/tex/latex/graphics/epsfig.sty
Package: epsfig 2017/06/25 v1.7b (e)psfig emulation (SPQR)
\epsfxsize=\dimen125
\epsfysize=\dimen126
)
(./sty/eso-pic.sty
Package: sty/eso-pic 2002/11/16 v1.1b eso-pic (RN)
 (./sty/everyshi.sty
Package: sty/everyshi 2001/05/15 v3.00 EveryShipout Package (MS)
)) (./sty/fncychap.sty
Package: sty/fncychap 1997/04/06 v1.11 LaTeX package (Revised chapters)
\RW=\skip64
\mylen=\skip65
\myhi=\skip66
\px=\skip67
\py=\skip68
\pyy=\skip69
\pxx=\skip70
)
(./sty/sidecap.sty
Package: sty/sidecap 1998/06/05 v1.4c SideCap Package (RN/HjG)

Package: SideCap v1.4c <1998/06/05> (RN/HjG)
\SC@BOXWD=\skip71
\SC@CAPWD=\skip72
\c@SC@C=\count112
\SC@BOX=\box28
) (/usr/share/texlive/texmf-dist/tex/latex/amsmath/amsmath.sty
Package: amsmath 2017/09/02 v2.17a AMS math features
\@mathmargin=\skip73

For additional information on amsmath, use the `?' option.
(/usr/share/texlive/texmf-dist/tex/latex/amsmath/amstext.sty
Package: amstext 2000/06/29 v2.01 AMS text

(/usr/share/texlive/texmf-dist/tex/latex/amsmath/amsgen.sty
File: amsgen.sty 1999/11/30 v2.0 generic functions
\@emptytoks=\toks32
\ex@=\dimen127
))
(/usr/share/texlive/texmf-dist/tex/latex/amsmath/amsbsy.sty
Package: amsbsy 1999/11/29 v1.2d Bold Symbols
\pmbraise@=\dimen128
)
(/usr/share/texlive/texmf-dist/tex/latex/amsmath/amsopn.sty
Package: amsopn 2016/03/08 v2.02 operator names
)
\inf@bad=\count113
LaTeX Info: Redefining \frac on input line 213.
\uproot@=\count114
\leftroot@=\count115
LaTeX Info: Redefining \overline on input line 375.
\classnum@=\count116
\DOTSCASE@=\count117
LaTeX Info: Redefining \ldots on input line 472.
LaTeX Info: Redefining \dots on input line 475.
LaTeX Info: Redefining \cdots on input line 596.
\Mathstrutbox@=\box29
\strutbox@=\box30
\big@size=\dimen129
LaTeX Font Info:    Redeclaring font encoding OML on input line 712.
LaTeX Font Info:    Redeclaring font encoding OMS on input line 713.
\macc@depth=\count118
\c@MaxMatrixCols=\count119
\dotsspace@=\muskip11
\c@parentequation=\count120
\dspbrk@lvl=\count121
\tag@help=\toks33
\row@=\count122
\column@=\count123
\maxfields@=\count124
\andhelp@=\toks34
\eqnshift@=\dimen130
\alignsep@=\dimen131
\tagshift@=\dimen132
\tagwidth@=\dimen133
\totwidth@=\dimen134
\lineht@=\dimen135
\@envbody=\toks35
\multlinegap=\skip74
\multlinetaggap=\skip75
\mathdisplay@stack=\toks36
LaTeX Info: Redefining \[ on input line 2817.
LaTeX Info: Redefining \] on input line 2818.
)
(/usr/share/texlive/texmf-dist/tex/latex/amsfonts/amssymb.sty
Package: amssymb 2013/01/14 v3.01 AMS font symbols

(/usr/share/texlive/texmf-dist/tex/latex/amsfonts/amsfonts.sty
Package: amsfonts 2013/01/14 v3.01 Basic AMSFonts support
\symAMSa=\mathgroup4
\symAMSb=\mathgroup5
LaTeX Font Info:    Overwriting math alphabet `\mathfrak' in version `bold'
(Font)                  U/euf/m/n --> U/euf/b/n on input line 106.
))
(./sty/nicefrac.sty
Package: sty/nicefrac 1998/08/04 v0.9b Nice fractions
\L@UnitsRaiseDisplaystyle=\skip76
\L@UnitsRaiseTextstyle=\skip77
\L@UnitsRaiseScriptstyle=\skip78
)
(/usr/share/texlive/texmf-dist/tex/latex/eurosym/eurosym.sty
Package: eurosym 1998/08/06 v1.1 European currency symbol ``Euro''
\@eurobox=\box31
)
(./sty/latexcad.sty
 latexcad.sty (V 1.9 Mar 98) - Support for LaTeXCAD drawing package. 
 John Leis, leis@usq.edu.au Adapted from various CTAN sources. 
\@drawingscale=\skip79
\@dfltdrawingscale=\skip80
\@pswidth=\skip81
\@dfltpswidth=\skip82
(./sty/rotate.sty
\@rotdimen=\dimen136
\@rotbox=\box32
) (./sty/fancybox.sty
\c@tocdepth=\count125

Style option: `fancybox' v1.0/97 patch 1 <1997/05/16> (tvz)
\@fancybox=\box33
\shadowsize=\dimen137
\@Sbox=\box34
\do@VerbBox=\toks37
\the@fancyput=\toks38
\this@fancyput=\toks39
\EndVerbatimTokens=\toks40
\Verbatim@Outfile=\write5
\Verbatim@Infile=\read2
) (./sty/epic.sty
Enhancements to Picture Environment. Version 1.2 - Released June 1, 1986
\@@multicnt=\count126
\d@lta=\count127
\@delta=\dimen138
\@@delta=\dimen139
\@gridcnt=\count128
\@joinkind=\count129
\@dotgap=\dimen140
\@ddotgap=\dimen141
\@x@diff=\count130
\@y@diff=\count131
\x@diff=\dimen142
\y@diff=\dimen143
\@dotbox=\box35
\num@segments=\count132
\num@segmentsi=\count133
\@datafile=\read3
) (./sty/eepic.sty
Extension to Epic and LaTeX. Version 1.1b - Released Febrary 7, 1988
\@gphlinewidth=\count134
\@eepictcnt=\count135
\@tempdimc=\dimen144
\maxovaldiam=\dimen145
\@filltype=\box36
) (./sty/epsf.sty
\epsffilein=\read4
\epsfxsize=\dimen146
\epsfysize=\dimen147
\epsftsize=\dimen148
\epsfrsize=\dimen149
\epsftmp=\dimen150
\pspoints=\dimen151
))
(/usr/share/texlive/texmf-dist/tex/latex/listings/listings.sty
\lst@mode=\count136
\lst@gtempboxa=\box37
\lst@token=\toks41
\lst@length=\count137
\lst@currlwidth=\dimen152
\lst@column=\count138
\lst@pos=\count139
\lst@lostspace=\dimen153
\lst@width=\dimen154
\lst@newlines=\count140
\lst@lineno=\count141
\lst@maxwidth=\dimen155

(/usr/share/texlive/texmf-dist/tex/latex/listings/lstmisc.sty
File: lstmisc.sty 2015/06/04 1.6 (Carsten Heinz)
\c@lstnumber=\count142
\lst@skipnumbers=\count143
\lst@framebox=\box38
)
(/usr/share/texlive/texmf-dist/tex/latex/listings/listings.cfg
File: listings.cfg 2015/06/04 1.6 listings configuration
))
Package: listings 2015/06/04 1.6 (Carsten Heinz)

(/usr/share/texlive/texmf-dist/tex/latex/listings/lstlang1.sty
File: lstlang1.sty 2015/06/04 1.6 listings language file
)
(./sty/acronym.sty)
\c@example=\count144
)
\@nomenclaturefile=\write6
\openout6 = `AeroMScReport.nlo'.


Writing nomenclature file AeroMScReport.nlo
\@indexfile=\write7
\openout7 = `AeroMScReport.idx'.

Writing index file AeroMScReport.idx
(./sty/verticalspaces.sty) (./sty/float.sty
Style-Option: `float' 1.1c 18 Dec 92 (AL)
\float@type=\count145
\float@box=\box39
\@floatcapt=\box40
) (./sty/subfigure.sty
Package: sty/subfigure 1995/03/06 v2.0 subfigure package

Package: subfigure 1995/03/06 v2.0
\c@subfigure=\count146
\c@lofdepth=\count147
\c@subtable=\count148
\c@lotdepth=\count149
) (/usr/share/texlive/texmf-dist/tex/latex/tools/hhline.sty
Package: hhline 2014/10/28 v2.03 Table rule package (DPC)
)
(./sty/rotating.sty
Package: sty/rotating 1997/09/26, v2.13 Rotation package
\c@r@tfl@t=\count150
\rot@float@box=\box41
)
(/usr/share/texlive/texmf-dist/tex/latex/tools/longtable.sty
Package: longtable 2014/10/28 v4.11 Multi-page Table package (DPC)
\LTleft=\skip83
\LTright=\skip84
\LTpre=\skip85
\LTpost=\skip86
\LTchunksize=\count151
\LTcapwidth=\dimen156
\LT@head=\box42
\LT@firsthead=\box43
\LT@foot=\box44
\LT@lastfoot=\box45
\LT@cols=\count152
\LT@rows=\count153
\c@LT@tables=\count154
\c@LT@chunks=\count155
\LT@p@ftn=\toks42
)
(./sty/placeins.sty
Package: sty/placeins 2005/04/18  v 2.2
) (./sty/natbib.sty
Package: sty/natbib 2006/09/06 7.4a (PWD)
\bibhang=\skip87
\bibsep=\skip88
LaTeX Info: Redefining \cite on input line 541.
\c@NAT@ctr=\count156
) (./AeroMScReport.aux
(./chapters/RANS.aux))
\openout1 = `AeroMScReport.aux'.

LaTeX Font Info:    Checking defaults for OML/cmm/m/it on input line 80.
LaTeX Font Info:    ... okay on input line 80.
LaTeX Font Info:    Checking defaults for T1/cmr/m/n on input line 80.
LaTeX Font Info:    ... okay on input line 80.
LaTeX Font Info:    Checking defaults for OT1/cmr/m/n on input line 80.
LaTeX Font Info:    ... okay on input line 80.
LaTeX Font Info:    Checking defaults for OMS/cmsy/m/n on input line 80.
LaTeX Font Info:    ... okay on input line 80.
LaTeX Font Info:    Checking defaults for OMX/cmex/m/n on input line 80.
LaTeX Font Info:    ... okay on input line 80.
LaTeX Font Info:    Checking defaults for U/cmr/m/n on input line 80.
LaTeX Font Info:    ... okay on input line 80.
LaTeX Font Info:    Checking defaults for PD1/pdf/m/n on input line 80.
LaTeX Font Info:    ... okay on input line 80.
\AtBeginShipoutBox=\box46
Package hyperref Info: Link coloring ON on input line 80.

(/usr/share/texlive/texmf-dist/tex/latex/hyperref/nameref.sty
Package: nameref 2016/05/21 v2.44 Cross-referencing by name of section

(/usr/share/texlive/texmf-dist/tex/generic/oberdiek/gettitlestring.sty
Package: gettitlestring 2016/05/16 v1.5 Cleanup title references (HO)
)
\c@section@level=\count157
LaTeX Info: Redefining \Ref on input line 515.
)
LaTeX Info: Redefining \ref on input line 80.
LaTeX Info: Redefining \pageref on input line 80.
LaTeX Info: Redefining \nameref on input line 80.

(./AeroMScReport.out) (./AeroMScReport.out)
\@outlinefile=\write8
\openout8 = `AeroMScReport.out'.

LaTeX Info: Redefining \Ref on input line 80.

ABD: EveryShipout initializing macros
\c@lstlisting=\count158
File: sty/figure/TUD_bies_LR_A4_ENG3.eps Graphic file (type eps)
 <sty/figure/TUD_bies_LR_A4_ENG3.eps>
Overfull \hbox (16.78712pt too wide) has occurred while \output is active
 [][] 
 []

[1



] [2

]
LaTeX Font Info:    Try loading font information for U+msa on input line 87.
 (/usr/share/texlive/texmf-dist/tex/latex/amsfonts/umsa.fd
File: umsa.fd 2013/01/14 v3.01 AMS symbols A
)
LaTeX Font Info:    Try loading font information for U+msb on input line 87.

(/usr/share/texlive/texmf-dist/tex/latex/amsfonts/umsb.fd
File: umsb.fd 2013/01/14 v3.01 AMS symbols B
) [1]
File: sty/figure/tud.eps Graphic file (type eps)

<sty/figure/tud.eps>
LaTeX Font Info:    Try loading font information for OMS+cmr on input line 87.
 (/usr/share/texlive/texmf-dist/tex/latex/base/omscmr.fd
File: omscmr.fd 2014/09/29 v2.5h Standard LaTeX font definitions
)
LaTeX Font Info:    Font shape `OMS/cmr/m/n' in size <10.95> not available
(Font)              Font shape `OMS/cmsy/m/n' tried instead on input line 87.

[2] [3

] [4

] (./AeroMScReport.toc)
\tf@toc=\write9
\openout9 = `AeroMScReport.toc'.

 [5


] [6

] (./AeroMScReport.lof)
\tf@lof=\write10
\openout10 = `AeroMScReport.lof'.

 [7


] [8

]
(./AeroMScReport.lot)
\tf@lot=\write11
\openout11 = `AeroMScReport.lot'.

 [9

] [10

]
No file AeroMScReport.nls.
\openout2 = `chapters/RANS.aux'.

(./chapters/RANS.tex
Chapter 1.
[1




]) [2] (./AeroMScReport.bbl
Underfull \hbox (badness 5802) in paragraph at lines 9--15
[]\OT1/cmr/m/n/10.95 Stephen B. Pope.  \OT1/cmr/m/it/10.95 Tur-bu-lent Flows\OT
1/cmr/m/n/10.95 .  Cam-bridge Uni-ver-sity Press, Cam-
 []


Underfull \hbox (badness 1571) in paragraph at lines 9--15
\OT1/cmr/m/n/10.95 bridge, 2000.  ISBN 9780511840531.  doi: $10 . 1017 / CBO978
0511840531$.  URL
 []

) [3



] [4

] [5

]
\tf@thm=\write12
\openout12 = `AeroMScReport.thm'.

File: sty/figure/TUD_bies_Achter_A4.eps Graphic file (type eps)
 <sty/figure/TUD_bies_Achter_A4.eps>
Overfull \hbox (17.79086pt too wide) has occurred while \output is active
 [][] 
 []

[6]
Package atveryend Info: Empty hook `BeforeClearDocument' on input line 159.
Package atveryend Info: Empty hook `AfterLastShipout' on input line 159.
 (./AeroMScReport.aux (./chapters/RANS.aux))
Package atveryend Info: Empty hook `AtVeryEndDocument' on input line 159.
Package atveryend Info: Executing hook `AtEndAfterFileList' on input line 159.
Package rerunfilecheck Info: File `AeroMScReport.out' has not changed.
(rerunfilecheck)             Checksum: D4ECA85D75EAA99AB289310B8A289EB2;356.
Package atveryend Info: Empty hook `AtVeryVeryEnd' on input line 159.
 ) 
Here is how much of TeX's memory you used:
 9265 strings out of 492983
 128044 string characters out of 6134921
 262374 words of memory out of 5000000
 12629 multiletter control sequences out of 15000+600000
 13026 words of font info for 48 fonts, out of 8000000 for 9000
 1141 hyphenation exceptions out of 8191
 38i,12n,45p,1009b,362s stack positions out of 5000i,500n,10000p,200000b,80000s

Output written on AeroMScReport.dvi (18 pages, 29692 bytes).
